This is pdfTeX, Version 3.141592653-2.6-1.40.23 (TeX Live 2021/Arch Linux) (preloaded format=pdflatex 2022.3.24)  4 APR 2022 10:56
entering extended mode
 restricted \write18 enabled.
 file:line:error style messages enabled.
 %&-line parsing enabled.
**/home/sedm6226/Documents/Confirmation_PhD/Latex_Report/main.tex
(/home/sedm6226/Documents/Confirmation_PhD/Latex_Report/main.tex
LaTeX2e <2021-11-15> patch level 1
L3 programming layer <2022-02-24> (./ociamthesis.cls
Document Class: ociamthesis 2010/11/22 v2.2 OCIAM thesis class
(/usr/share/texmf-dist/tex/latex/base/report.cls
Document Class: report 2021/10/04 v1.4n Standard LaTeX document class
(/usr/share/texmf-dist/tex/latex/base/size12.clo
File: size12.clo 2021/10/04 v1.4n Standard LaTeX file (size option)
)
\c@part=\count185
\c@chapter=\count186
\c@section=\count187
\c@subsection=\count188
\c@subsubsection=\count189
\c@paragraph=\count190
\c@subparagraph=\count191
\c@figure=\count192
\c@table=\count193
\abovecaptionskip=\skip47
\belowcaptionskip=\skip48
\bibindent=\dimen138
) (/usr/share/texmf-dist/tex/latex/graphics/graphicx.sty
Package: graphicx 2021/09/16 v1.2d Enhanced LaTeX Graphics (DPC,SPQR)
 (/usr/share/texmf-dist/tex/latex/graphics/keyval.sty
Package: keyval 2014/10/28 v1.15 key=value parser (DPC)
\KV@toks@=\toks16
) (/usr/share/texmf-dist/tex/latex/graphics/graphics.sty
Package: graphics 2021/03/04 v1.4d Standard LaTeX Graphics (DPC,SPQR)
 (/usr/share/texmf-dist/tex/latex/graphics/trig.sty
Package: trig 2021/08/11 v1.11 sin cos tan (DPC)
) (/usr/share/texmf-dist/tex/latex/graphics-cfg/graphics.cfg
File: graphics.cfg 2016/06/04 v1.11 sample graphics configuration
)
Package graphics Info: Driver file: pdftex.def on input line 107.
 (/usr/share/texmf-dist/tex/latex/graphics-def/pdftex.def
File: pdftex.def 2020/10/05 v1.2a Graphics/color driver for pdftex
))
\Gin@req@height=\dimen139
\Gin@req@width=\dimen140
) (/usr/share/texmf-dist/tex/latex/base/ifthen.sty
Package: ifthen 2020/11/24 v1.1c Standard LaTeX ifthen package (DPC)
)) (/usr/share/texmf-dist/tex/latex/amsfonts/amssymb.sty
Package: amssymb 2013/01/14 v3.01 AMS font symbols
 (/usr/share/texmf-dist/tex/latex/amsfonts/amsfonts.sty
Package: amsfonts 2013/01/14 v3.01 Basic AMSFonts support
\@emptytoks=\toks17
\symAMSa=\mathgroup4
\symAMSb=\mathgroup5
LaTeX Font Info:    Redeclaring math symbol \hbar on input line 98.
LaTeX Font Info:    Overwriting math alphabet `\mathfrak' in version `bold'
(Font)                  U/euf/m/n --> U/euf/b/n on input line 106.
)) (/usr/share/texmf-dist/tex/latex/pdfpages/pdfpages.sty
Package: pdfpages 2022/01/29 v0.5u Insert pages of external PDF documents (AM)
 (/usr/share/texmf-dist/tex/latex/tools/calc.sty
Package: calc 2017/05/25 v4.3 Infix arithmetic (KKT,FJ)
\calc@Acount=\count194
\calc@Bcount=\count195
\calc@Adimen=\dimen141
\calc@Bdimen=\dimen142
\calc@Askip=\skip49
\calc@Bskip=\skip50
LaTeX Info: Redefining \setlength on input line 80.
LaTeX Info: Redefining \addtolength on input line 81.
\calc@Ccount=\count196
\calc@Cskip=\skip51
) (/usr/share/texmf-dist/tex/latex/eso-pic/eso-pic.sty
Package: eso-pic 2020/10/14 v3.0a eso-pic (RN)
\ESO@tempdima=\dimen143
\ESO@tempdimb=\dimen144
 (/usr/share/texmf-dist/tex/latex/xcolor/xcolor.sty
Package: xcolor 2021/10/31 v2.13 LaTeX color extensions (UK)
 (/usr/share/texmf-dist/tex/latex/graphics-cfg/color.cfg
File: color.cfg 2016/01/02 v1.6 sample color configuration
)
Package xcolor Info: Driver file: pdftex.def on input line 227.
Package xcolor Info: Model `cmy' substituted by `cmy0' on input line 1352.
Package xcolor Info: Model `hsb' substituted by `rgb' on input line 1356.
Package xcolor Info: Model `RGB' extended on input line 1368.
Package xcolor Info: Model `HTML' substituted by `rgb' on input line 1370.
Package xcolor Info: Model `Hsb' substituted by `hsb' on input line 1371.
Package xcolor Info: Model `tHsb' substituted by `hsb' on input line 1372.
Package xcolor Info: Model `HSB' substituted by `hsb' on input line 1373.
Package xcolor Info: Model `Gray' substituted by `gray' on input line 1374.
Package xcolor Info: Model `wave' substituted by `hsb' on input line 1375.
))
\AM@pagewidth=\dimen145
\AM@pageheight=\dimen146
\AM@fboxrule=\dimen147
 (/usr/share/texmf-dist/tex/latex/pdfpages/pppdftex.def
File: pppdftex.def 2022/01/29 v0.5u Pdfpages driver for pdfTeX (AM)
)
\pdfpages@includegraphics@status=\count197
\AM@pagebox=\box50
\AM@global@opts=\toks18
\AM@pagecnt=\count198
\AM@toc@title=\toks19
\c@AM@survey=\count199
\AM@templatesizebox=\box51
) (/usr/share/texmf-dist/tex/latex/enumitem/enumitem.sty
Package: enumitem 2019/06/20 v3.9 Customized lists
\labelindent=\skip52
\enit@outerparindent=\dimen148
\enit@toks=\toks20
\enit@inbox=\box52
\enit@count@id=\count266
\enitdp@description=\count267
) (/usr/share/texmf-dist/tex/latex/tools/xspace.sty
Package: xspace 2014/10/28 v1.13 Space after command names (DPC,MH)
) (/usr/share/texmf-dist/tex/latex/pgfgantt/pgfgantt.sty
Package: pgfgantt 2018/01/10 v5.0 Draw Gantt diagrams with TikZ
 (/usr/share/texmf-dist/tex/latex/pgf/frontendlayer/tikz.sty (/usr/share/texmf-dist/tex/latex/pgf/basiclayer/pgf.sty (/usr/share/texmf-dist/tex/latex/pgf/utilities/pgfrcs.sty (/usr/share/texmf-dist/tex/generic/pgf/utilities/pgfutil-common.tex
\pgfutil@everybye=\toks21
\pgfutil@tempdima=\dimen149
\pgfutil@tempdimb=\dimen150
 (/usr/share/texmf-dist/tex/generic/pgf/utilities/pgfutil-common-lists.tex)) (/usr/share/texmf-dist/tex/generic/pgf/utilities/pgfutil-latex.def
\pgfutil@abb=\box53
) (/usr/share/texmf-dist/tex/generic/pgf/utilities/pgfrcs.code.tex (/usr/share/texmf-dist/tex/generic/pgf/pgf.revision.tex)
Package: pgfrcs 2021/05/15 v3.1.9a (3.1.9a)
))
Package: pgf 2021/05/15 v3.1.9a (3.1.9a)
 (/usr/share/texmf-dist/tex/latex/pgf/basiclayer/pgfcore.sty (/usr/share/texmf-dist/tex/latex/pgf/systemlayer/pgfsys.sty (/usr/share/texmf-dist/tex/generic/pgf/systemlayer/pgfsys.code.tex
Package: pgfsys 2021/05/15 v3.1.9a (3.1.9a)
 (/usr/share/texmf-dist/tex/generic/pgf/utilities/pgfkeys.code.tex
\pgfkeys@pathtoks=\toks22
\pgfkeys@temptoks=\toks23
 (/usr/share/texmf-dist/tex/generic/pgf/utilities/pgfkeysfiltered.code.tex
\pgfkeys@tmptoks=\toks24
))
\pgf@x=\dimen151
\pgf@y=\dimen152
\pgf@xa=\dimen153
\pgf@ya=\dimen154
\pgf@xb=\dimen155
\pgf@yb=\dimen156
\pgf@xc=\dimen157
\pgf@yc=\dimen158
\pgf@xd=\dimen159
\pgf@yd=\dimen160
\w@pgf@writea=\write3
\r@pgf@reada=\read2
\c@pgf@counta=\count268
\c@pgf@countb=\count269
\c@pgf@countc=\count270
\c@pgf@countd=\count271
\t@pgf@toka=\toks25
\t@pgf@tokb=\toks26
\t@pgf@tokc=\toks27
\pgf@sys@id@count=\count272
 (/usr/share/texmf-dist/tex/generic/pgf/systemlayer/pgf.cfg
File: pgf.cfg 2021/05/15 v3.1.9a (3.1.9a)
)
Driver file for pgf: pgfsys-pdftex.def
 (/usr/share/texmf-dist/tex/generic/pgf/systemlayer/pgfsys-pdftex.def
File: pgfsys-pdftex.def 2021/05/15 v3.1.9a (3.1.9a)
 (/usr/share/texmf-dist/tex/generic/pgf/systemlayer/pgfsys-common-pdf.def
File: pgfsys-common-pdf.def 2021/05/15 v3.1.9a (3.1.9a)
))) (/usr/share/texmf-dist/tex/generic/pgf/systemlayer/pgfsyssoftpath.code.tex
File: pgfsyssoftpath.code.tex 2021/05/15 v3.1.9a (3.1.9a)
\pgfsyssoftpath@smallbuffer@items=\count273
\pgfsyssoftpath@bigbuffer@items=\count274
) (/usr/share/texmf-dist/tex/generic/pgf/systemlayer/pgfsysprotocol.code.tex
File: pgfsysprotocol.code.tex 2021/05/15 v3.1.9a (3.1.9a)
)) (/usr/share/texmf-dist/tex/generic/pgf/basiclayer/pgfcore.code.tex
Package: pgfcore 2021/05/15 v3.1.9a (3.1.9a)
 (/usr/share/texmf-dist/tex/generic/pgf/math/pgfmath.code.tex (/usr/share/texmf-dist/tex/generic/pgf/math/pgfmathcalc.code.tex (/usr/share/texmf-dist/tex/generic/pgf/math/pgfmathutil.code.tex) (/usr/share/texmf-dist/tex/generic/pgf/math/pgfmathparser.code.tex
\pgfmath@dimen=\dimen161
\pgfmath@count=\count275
\pgfmath@box=\box54
\pgfmath@toks=\toks28
\pgfmath@stack@operand=\toks29
\pgfmath@stack@operation=\toks30
) (/usr/share/texmf-dist/tex/generic/pgf/math/pgfmathfunctions.code.tex (/usr/share/texmf-dist/tex/generic/pgf/math/pgfmathfunctions.basic.code.tex) (/usr/share/texmf-dist/tex/generic/pgf/math/pgfmathfunctions.trigonometric.code.tex) (/usr/share/texmf-dist/tex/generic/pgf/math/pgfmathfunctions.random.code.tex) (/usr/share/texmf-dist/tex/generic/pgf/math/pgfmathfunctions.comparison.code.tex) (/usr/share/texmf-dist/tex/generic/pgf/math/pgfmathfunctions.base.code.tex) (/usr/share/texmf-dist/tex/generic/pgf/math/pgfmathfunctions.round.code.tex) (/usr/share/texmf-dist/tex/generic/pgf/math/pgfmathfunctions.misc.code.tex) (/usr/share/texmf-dist/tex/generic/pgf/math/pgfmathfunctions.integerarithmetics.code.tex))) (/usr/share/texmf-dist/tex/generic/pgf/math/pgfmathfloat.code.tex
\c@pgfmathroundto@lastzeros=\count276
)) (/usr/share/texmf-dist/tex/generic/pgf/math/pgfint.code.tex) (/usr/share/texmf-dist/tex/generic/pgf/basiclayer/pgfcorepoints.code.tex
File: pgfcorepoints.code.tex 2021/05/15 v3.1.9a (3.1.9a)
\pgf@picminx=\dimen162
\pgf@picmaxx=\dimen163
\pgf@picminy=\dimen164
\pgf@picmaxy=\dimen165
\pgf@pathminx=\dimen166
\pgf@pathmaxx=\dimen167
\pgf@pathminy=\dimen168
\pgf@pathmaxy=\dimen169
\pgf@xx=\dimen170
\pgf@xy=\dimen171
\pgf@yx=\dimen172
\pgf@yy=\dimen173
\pgf@zx=\dimen174
\pgf@zy=\dimen175
) (/usr/share/texmf-dist/tex/generic/pgf/basiclayer/pgfcorepathconstruct.code.tex
File: pgfcorepathconstruct.code.tex 2021/05/15 v3.1.9a (3.1.9a)
\pgf@path@lastx=\dimen176
\pgf@path@lasty=\dimen177
) (/usr/share/texmf-dist/tex/generic/pgf/basiclayer/pgfcorepathusage.code.tex
File: pgfcorepathusage.code.tex 2021/05/15 v3.1.9a (3.1.9a)
\pgf@shorten@end@additional=\dimen178
\pgf@shorten@start@additional=\dimen179
) (/usr/share/texmf-dist/tex/generic/pgf/basiclayer/pgfcorescopes.code.tex
File: pgfcorescopes.code.tex 2021/05/15 v3.1.9a (3.1.9a)
\pgfpic=\box55
\pgf@hbox=\box56
\pgf@layerbox@main=\box57
\pgf@picture@serial@count=\count277
) (/usr/share/texmf-dist/tex/generic/pgf/basiclayer/pgfcoregraphicstate.code.tex
File: pgfcoregraphicstate.code.tex 2021/05/15 v3.1.9a (3.1.9a)
\pgflinewidth=\dimen180
) (/usr/share/texmf-dist/tex/generic/pgf/basiclayer/pgfcoretransformations.code.tex
File: pgfcoretransformations.code.tex 2021/05/15 v3.1.9a (3.1.9a)
\pgf@pt@x=\dimen181
\pgf@pt@y=\dimen182
\pgf@pt@temp=\dimen183
) (/usr/share/texmf-dist/tex/generic/pgf/basiclayer/pgfcorequick.code.tex
File: pgfcorequick.code.tex 2021/05/15 v3.1.9a (3.1.9a)
) (/usr/share/texmf-dist/tex/generic/pgf/basiclayer/pgfcoreobjects.code.tex
File: pgfcoreobjects.code.tex 2021/05/15 v3.1.9a (3.1.9a)
) (/usr/share/texmf-dist/tex/generic/pgf/basiclayer/pgfcorepathprocessing.code.tex
File: pgfcorepathprocessing.code.tex 2021/05/15 v3.1.9a (3.1.9a)
) (/usr/share/texmf-dist/tex/generic/pgf/basiclayer/pgfcorearrows.code.tex
File: pgfcorearrows.code.tex 2021/05/15 v3.1.9a (3.1.9a)
\pgfarrowsep=\dimen184
) (/usr/share/texmf-dist/tex/generic/pgf/basiclayer/pgfcoreshade.code.tex
File: pgfcoreshade.code.tex 2021/05/15 v3.1.9a (3.1.9a)
\pgf@max=\dimen185
\pgf@sys@shading@range@num=\count278
\pgf@shadingcount=\count279
) (/usr/share/texmf-dist/tex/generic/pgf/basiclayer/pgfcoreimage.code.tex
File: pgfcoreimage.code.tex 2021/05/15 v3.1.9a (3.1.9a)
 (/usr/share/texmf-dist/tex/generic/pgf/basiclayer/pgfcoreexternal.code.tex
File: pgfcoreexternal.code.tex 2021/05/15 v3.1.9a (3.1.9a)
\pgfexternal@startupbox=\box58
)) (/usr/share/texmf-dist/tex/generic/pgf/basiclayer/pgfcorelayers.code.tex
File: pgfcorelayers.code.tex 2021/05/15 v3.1.9a (3.1.9a)
) (/usr/share/texmf-dist/tex/generic/pgf/basiclayer/pgfcoretransparency.code.tex
File: pgfcoretransparency.code.tex 2021/05/15 v3.1.9a (3.1.9a)
) (/usr/share/texmf-dist/tex/generic/pgf/basiclayer/pgfcorepatterns.code.tex
File: pgfcorepatterns.code.tex 2021/05/15 v3.1.9a (3.1.9a)
) (/usr/share/texmf-dist/tex/generic/pgf/basiclayer/pgfcorerdf.code.tex
File: pgfcorerdf.code.tex 2021/05/15 v3.1.9a (3.1.9a)
))) (/usr/share/texmf-dist/tex/generic/pgf/modules/pgfmoduleshapes.code.tex
File: pgfmoduleshapes.code.tex 2021/05/15 v3.1.9a (3.1.9a)
\pgfnodeparttextbox=\box59
) (/usr/share/texmf-dist/tex/generic/pgf/modules/pgfmoduleplot.code.tex
File: pgfmoduleplot.code.tex 2021/05/15 v3.1.9a (3.1.9a)
) (/usr/share/texmf-dist/tex/latex/pgf/compatibility/pgfcomp-version-0-65.sty
Package: pgfcomp-version-0-65 2021/05/15 v3.1.9a (3.1.9a)
\pgf@nodesepstart=\dimen186
\pgf@nodesepend=\dimen187
) (/usr/share/texmf-dist/tex/latex/pgf/compatibility/pgfcomp-version-1-18.sty
Package: pgfcomp-version-1-18 2021/05/15 v3.1.9a (3.1.9a)
)) (/usr/share/texmf-dist/tex/latex/pgf/utilities/pgffor.sty (/usr/share/texmf-dist/tex/latex/pgf/utilities/pgfkeys.sty (/usr/share/texmf-dist/tex/generic/pgf/utilities/pgfkeys.code.tex)) (/usr/share/texmf-dist/tex/latex/pgf/math/pgfmath.sty (/usr/share/texmf-dist/tex/generic/pgf/math/pgfmath.code.tex)) (/usr/share/texmf-dist/tex/generic/pgf/utilities/pgffor.code.tex
Package: pgffor 2021/05/15 v3.1.9a (3.1.9a)
 (/usr/share/texmf-dist/tex/generic/pgf/math/pgfmath.code.tex)
\pgffor@iter=\dimen188
\pgffor@skip=\dimen189
\pgffor@stack=\toks31
\pgffor@toks=\toks32
)) (/usr/share/texmf-dist/tex/generic/pgf/frontendlayer/tikz/tikz.code.tex
Package: tikz 2021/05/15 v3.1.9a (3.1.9a)
 (/usr/share/texmf-dist/tex/generic/pgf/libraries/pgflibraryplothandlers.code.tex
File: pgflibraryplothandlers.code.tex 2021/05/15 v3.1.9a (3.1.9a)
\pgf@plot@mark@count=\count280
\pgfplotmarksize=\dimen190
)
\tikz@lastx=\dimen191
\tikz@lasty=\dimen192
\tikz@lastxsaved=\dimen193
\tikz@lastysaved=\dimen194
\tikz@lastmovetox=\dimen195
\tikz@lastmovetoy=\dimen196
\tikzleveldistance=\dimen197
\tikzsiblingdistance=\dimen198
\tikz@figbox=\box60
\tikz@figbox@bg=\box61
\tikz@tempbox=\box62
\tikz@tempbox@bg=\box63
\tikztreelevel=\count281
\tikznumberofchildren=\count282
\tikznumberofcurrentchild=\count283
\tikz@fig@count=\count284
 (/usr/share/texmf-dist/tex/generic/pgf/modules/pgfmodulematrix.code.tex
File: pgfmodulematrix.code.tex 2021/05/15 v3.1.9a (3.1.9a)
\pgfmatrixcurrentrow=\count285
\pgfmatrixcurrentcolumn=\count286
\pgf@matrix@numberofcolumns=\count287
)
\tikz@expandcount=\count288
 (/usr/share/texmf-dist/tex/generic/pgf/frontendlayer/tikz/libraries/tikzlibrarytopaths.code.tex
File: tikzlibrarytopaths.code.tex 2021/05/15 v3.1.9a (3.1.9a)
))) (/usr/share/texmf-dist/tex/generic/pgf/frontendlayer/tikz/libraries/tikzlibraryarrows.code.tex
File: tikzlibraryarrows.code.tex 2021/05/15 v3.1.9a (3.1.9a)
 (/usr/share/texmf-dist/tex/generic/pgf/libraries/pgflibraryarrows.code.tex
File: pgflibraryarrows.code.tex 2021/05/15 v3.1.9a (3.1.9a)
\arrowsize=\dimen199
)) (/usr/share/texmf-dist/tex/generic/pgf/frontendlayer/tikz/libraries/tikzlibrarybackgrounds.code.tex
File: tikzlibrarybackgrounds.code.tex 2021/05/15 v3.1.9a (3.1.9a)
\pgf@layerbox@background=\box64
\pgf@layerboxsaved@background=\box65
) (/usr/share/texmf-dist/tex/generic/pgf/frontendlayer/tikz/libraries/tikzlibrarycalc.code.tex
File: tikzlibrarycalc.code.tex 2021/05/15 v3.1.9a (3.1.9a)
) (/usr/share/texmf-dist/tex/generic/pgf/frontendlayer/tikz/libraries/tikzlibrarypatterns.code.tex
File: tikzlibrarypatterns.code.tex 2021/05/15 v3.1.9a (3.1.9a)
 (/usr/share/texmf-dist/tex/generic/pgf/libraries/pgflibrarypatterns.code.tex
File: pgflibrarypatterns.code.tex 2021/05/15 v3.1.9a (3.1.9a)
)) (/usr/share/texmf-dist/tex/generic/pgf/frontendlayer/tikz/libraries/tikzlibrarypositioning.code.tex
File: tikzlibrarypositioning.code.tex 2021/05/15 v3.1.9a (3.1.9a)
) (/usr/share/texmf-dist/tex/generic/pgf/frontendlayer/tikz/libraries/tikzlibraryshapes.geometric.code.tex
File: tikzlibraryshapes.geometric.code.tex 2021/05/15 v3.1.9a (3.1.9a)
 (/usr/share/texmf-dist/tex/generic/pgf/libraries/shapes/pgflibraryshapes.geometric.code.tex
File: pgflibraryshapes.geometric.code.tex 2021/05/15 v3.1.9a (3.1.9a)
)) (/usr/share/texmf-dist/tex/latex/pgf/utilities/pgfcalendar.sty (/usr/share/texmf-dist/tex/generic/pgf/utilities/pgfcalendar.code.tex
File: pgfcalendar.code.tex 2021/05/15 v3.1.9a (3.1.9a)
 (/usr/share/texmf-dist/tex/generic/pgf/math/pgfint.code.tex)
\pgfcalendarcurrentjulian=\count289
\pgf@cal@easter@Y=\count290
\pgf@cal@easter@G=\count291
\pgf@cal@easter@C=\count292
\pgf@cal@easter@X=\count293
\pgf@cal@easter@Z=\count294
\pgf@cal@easter@D=\count295
\pgf@cal@easter@E=\count296
\pgf@cal@easter@N=\count297
\pgf@cal@easter@M=\count298
\pgf@cal@easter@julianday=\count299
))
\gtt@currentline=\count300
\gtt@lasttitleline=\count301
\gtt@currgrid=\count302
\gtt@chartwidth=\count303
\gtt@lasttitleslot=\count304
\gtt@elementid=\count305
\gtt@today@slot=\count306
\gtt@startjulian=\count307
\gtt@endjulian=\count308
\gtt@chartid=\count309
\gtt@vrule@slot=\count310
\gtt@calendar@slots=\count311
\gtt@calendar@weeknumber=\count312
\gtt@calendar@startofweek=\count313
\gtt@left@slot=\count314
\gtt@right@slot=\count315
) (/usr/share/texmf-dist/tex/latex/caption/caption.sty
Package: caption 2022/03/01 v3.6b Customizing captions (AR)
 (/usr/share/texmf-dist/tex/latex/caption/caption3.sty
Package: caption3 2022/03/17 v2.3b caption3 kernel (AR)
\caption@tempdima=\dimen256
\captionmargin=\dimen257
\caption@leftmargin=\dimen258
\caption@rightmargin=\dimen259
\caption@width=\dimen260
\caption@indent=\dimen261
\caption@parindent=\dimen262
\caption@hangindent=\dimen263
Package caption Info: Standard document class detected.
)
\c@caption@flags=\count316
\c@continuedfloat=\count317
) (/usr/share/texmf-dist/tex/latex/titlesec/titlesec.sty
Package: titlesec 2021/07/05 v2.14 Sectioning titles
\ttl@box=\box66
\beforetitleunit=\skip53
\aftertitleunit=\skip54
\ttl@plus=\dimen264
\ttl@minus=\dimen265
\ttl@toksa=\toks33
\titlewidth=\dimen266
\titlewidthlast=\dimen267
\titlewidthfirst=\dimen268
) (/usr/share/texmf-dist/tex/latex/l3backend/l3backend-pdftex.def
File: l3backend-pdftex.def 2022-02-07 L3 backend support: PDF output (pdfTeX)
\l__color_backend_stack_int=\count318
\l__pdf_internal_box=\box67
) (./main.aux (./Chp_2/Chp_2.aux) (./Chp_3/Chp_3.aux))
\openout1 = `main.aux'.

LaTeX Font Info:    Checking defaults for OML/cmm/m/it on input line 38.
LaTeX Font Info:    ... okay on input line 38.
LaTeX Font Info:    Checking defaults for OMS/cmsy/m/n on input line 38.
LaTeX Font Info:    ... okay on input line 38.
LaTeX Font Info:    Checking defaults for OT1/cmr/m/n on input line 38.
LaTeX Font Info:    ... okay on input line 38.
LaTeX Font Info:    Checking defaults for T1/cmr/m/n on input line 38.
LaTeX Font Info:    ... okay on input line 38.
LaTeX Font Info:    Checking defaults for TS1/cmr/m/n on input line 38.
LaTeX Font Info:    ... okay on input line 38.
LaTeX Font Info:    Checking defaults for OMX/cmex/m/n on input line 38.
LaTeX Font Info:    ... okay on input line 38.
LaTeX Font Info:    Checking defaults for U/cmr/m/n on input line 38.
LaTeX Font Info:    ... okay on input line 38.
 (/usr/share/texmf-dist/tex/context/base/mkii/supp-pdf.mkii
[Loading MPS to PDF converter (version 2006.09.02).]
\scratchcounter=\count319
\scratchdimen=\dimen269
\scratchbox=\box68
\nofMPsegments=\count320
\nofMParguments=\count321
\everyMPshowfont=\toks34
\MPscratchCnt=\count322
\MPscratchDim=\dimen270
\MPnumerator=\count323
\makeMPintoPDFobject=\count324
\everyMPtoPDFconversion=\toks35
) (/usr/share/texmf-dist/tex/latex/epstopdf-pkg/epstopdf-base.sty
Package: epstopdf-base 2020-01-24 v2.11 Base part for package epstopdf
Package epstopdf-base Info: Redefining graphics rule for `.eps' on input line 485.
 (/usr/share/texmf-dist/tex/latex/latexconfig/epstopdf-sys.cfg
File: epstopdf-sys.cfg 2010/07/13 v1.3 Configuration of (r)epstopdf for TeX Live
)) (/usr/share/texmf-dist/tex/latex/pdflscape/pdflscape.sty
Package: pdflscape 2019/12/05 v0.12 Display of landscape pages in PDF (HO)
 (/usr/share/texmf-dist/tex/generic/iftex/iftex.sty
Package: iftex 2022/02/03 v1.0f TeX engine tests
) (/usr/share/texmf-dist/tex/latex/graphics/lscape.sty
Package: lscape 2020/05/28 v3.02 Landscape Pages (DPC)
)
Package pdflscape Info: Auto-detected driver: pdftex on input line 81.
)
Package caption Info: Begin \AtBeginDocument code.
Package caption Info: End \AtBeginDocument code.
<ox_logo_special_gold_pos.pdf, id=4, 116.435pt x 139.52126pt>
File: ox_logo_special_gold_pos.pdf Graphic file (type pdf)
<use ox_logo_special_gold_pos.pdf>
Package pdftex.def Info: ox_logo_special_gold_pos.pdf  used on input line 49.
(pdftex.def)             Requested size: 91.04881pt x 109.10501pt.
 [1


{/var/lib/texmf/fonts/map/pdftex/updmap/pdftex.map} <./ox_logo_special_gold_pos.pdf>] (./main.toc
LaTeX Font Info:    Trying to load font information for U+msa on input line 3.
 (/usr/share/texmf-dist/tex/latex/amsfonts/umsa.fd
File: umsa.fd 2013/01/14 v3.01 AMS symbols A
)
LaTeX Font Info:    Trying to load font information for U+msb on input line 3.
 (/usr/share/texmf-dist/tex/latex/amsfonts/umsb.fd
File: umsb.fd 2013/01/14 v3.01 AMS symbols B
))
\tf@toc=\write4
\openout4 = `main.toc'.

 [1


]
Chapter 1.
<Chp_1/Final_Manuscript_NonAnon.pdf, id=21, 614.295pt x 794.97pt>
File: Chp_1/Final_Manuscript_NonAnon.pdf Graphic file (type pdf)
<use Chp_1/Final_Manuscript_NonAnon.pdf>
Package pdftex.def Info: Chp_1/Final_Manuscript_NonAnon.pdf  used on input line 67.
(pdftex.def)             Requested size: 614.29349pt x 794.96806pt.
File: Chp_1/Final_Manuscript_NonAnon.pdf Graphic file (type pdf)
<use Chp_1/Final_Manuscript_NonAnon.pdf>
Package pdftex.def Info: Chp_1/Final_Manuscript_NonAnon.pdf  used on input line 67.
(pdftex.def)             Requested size: 614.29349pt x 794.96806pt.
<Chp_1/Final_Manuscript_NonAnon.pdf, id=24, page=1, 614.295pt x 794.97pt>
File: Chp_1/Final_Manuscript_NonAnon.pdf Graphic file (type pdf)
<use Chp_1/Final_Manuscript_NonAnon.pdf, page 1>
Package pdftex.def Info: Chp_1/Final_Manuscript_NonAnon.pdf , page1 used on input line 67.
(pdftex.def)             Requested size: 614.29349pt x 794.96806pt.
File: Chp_1/Final_Manuscript_NonAnon.pdf Graphic file (type pdf)
<use Chp_1/Final_Manuscript_NonAnon.pdf, page 1>
Package pdftex.def Info: Chp_1/Final_Manuscript_NonAnon.pdf , page1 used on input line 67.
(pdftex.def)             Requested size: 597.78697pt x 773.60669pt.
[1


]
File: Chp_1/Final_Manuscript_NonAnon.pdf Graphic file (type pdf)
<use Chp_1/Final_Manuscript_NonAnon.pdf, page 1>
Package pdftex.def Info: Chp_1/Final_Manuscript_NonAnon.pdf , page1 used on input line 67.
(pdftex.def)             Requested size: 597.78697pt x 773.60669pt.
File: Chp_1/Final_Manuscript_NonAnon.pdf Graphic file (type pdf)
<use Chp_1/Final_Manuscript_NonAnon.pdf, page 1>
Package pdftex.def Info: Chp_1/Final_Manuscript_NonAnon.pdf , page1 used on input line 67.
(pdftex.def)             Requested size: 597.78697pt x 773.60669pt.
File: Chp_1/Final_Manuscript_NonAnon.pdf Graphic file (type pdf)
<use Chp_1/Final_Manuscript_NonAnon.pdf, page 1>
Package pdftex.def Info: Chp_1/Final_Manuscript_NonAnon.pdf , page1 used on input line 67.
(pdftex.def)             Requested size: 597.78697pt x 773.60669pt.
 [2 <./Chp_1/Final_Manuscript_NonAnon.pdf>]
<Chp_1/Final_Manuscript_NonAnon.pdf, id=104, page=2, 614.295pt x 794.97pt>
File: Chp_1/Final_Manuscript_NonAnon.pdf Graphic file (type pdf)
<use Chp_1/Final_Manuscript_NonAnon.pdf, page 2>
Package pdftex.def Info: Chp_1/Final_Manuscript_NonAnon.pdf , page2 used on input line 67.
(pdftex.def)             Requested size: 597.78697pt x 773.60669pt.
File: Chp_1/Final_Manuscript_NonAnon.pdf Graphic file (type pdf)
<use Chp_1/Final_Manuscript_NonAnon.pdf, page 2>
Package pdftex.def Info: Chp_1/Final_Manuscript_NonAnon.pdf , page2 used on input line 67.
(pdftex.def)             Requested size: 597.78697pt x 773.60669pt.
File: Chp_1/Final_Manuscript_NonAnon.pdf Graphic file (type pdf)
<use Chp_1/Final_Manuscript_NonAnon.pdf, page 2>
Package pdftex.def Info: Chp_1/Final_Manuscript_NonAnon.pdf , page2 used on input line 67.
(pdftex.def)             Requested size: 597.78697pt x 773.60669pt.
 [3 <./Chp_1/Final_Manuscript_NonAnon.pdf>]
<Chp_1/Final_Manuscript_NonAnon.pdf, id=138, page=3, 614.295pt x 794.97pt>
File: Chp_1/Final_Manuscript_NonAnon.pdf Graphic file (type pdf)
<use Chp_1/Final_Manuscript_NonAnon.pdf, page 3>
Package pdftex.def Info: Chp_1/Final_Manuscript_NonAnon.pdf , page3 used on input line 67.
(pdftex.def)             Requested size: 597.78697pt x 773.60669pt.
File: Chp_1/Final_Manuscript_NonAnon.pdf Graphic file (type pdf)
<use Chp_1/Final_Manuscript_NonAnon.pdf, page 3>
Package pdftex.def Info: Chp_1/Final_Manuscript_NonAnon.pdf , page3 used on input line 67.
(pdftex.def)             Requested size: 597.78697pt x 773.60669pt.
File: Chp_1/Final_Manuscript_NonAnon.pdf Graphic file (type pdf)
<use Chp_1/Final_Manuscript_NonAnon.pdf, page 3>
Package pdftex.def Info: Chp_1/Final_Manuscript_NonAnon.pdf , page3 used on input line 67.
(pdftex.def)             Requested size: 597.78697pt x 773.60669pt.
 [4 <./Chp_1/Final_Manuscript_NonAnon.pdf>]
<Chp_1/Final_Manuscript_NonAnon.pdf, id=142, page=4, 614.295pt x 794.97pt>
File: Chp_1/Final_Manuscript_NonAnon.pdf Graphic file (type pdf)
<use Chp_1/Final_Manuscript_NonAnon.pdf, page 4>
Package pdftex.def Info: Chp_1/Final_Manuscript_NonAnon.pdf , page4 used on input line 67.
(pdftex.def)             Requested size: 597.78697pt x 773.60669pt.
File: Chp_1/Final_Manuscript_NonAnon.pdf Graphic file (type pdf)
<use Chp_1/Final_Manuscript_NonAnon.pdf, page 4>
Package pdftex.def Info: Chp_1/Final_Manuscript_NonAnon.pdf , page4 used on input line 67.
(pdftex.def)             Requested size: 597.78697pt x 773.60669pt.
File: Chp_1/Final_Manuscript_NonAnon.pdf Graphic file (type pdf)
<use Chp_1/Final_Manuscript_NonAnon.pdf, page 4>
Package pdftex.def Info: Chp_1/Final_Manuscript_NonAnon.pdf , page4 used on input line 67.
(pdftex.def)             Requested size: 597.78697pt x 773.60669pt.
 [5 <./Chp_1/Final_Manuscript_NonAnon.pdf>]
<Chp_1/Final_Manuscript_NonAnon.pdf, id=162, page=5, 614.295pt x 794.97pt>
File: Chp_1/Final_Manuscript_NonAnon.pdf Graphic file (type pdf)
<use Chp_1/Final_Manuscript_NonAnon.pdf, page 5>
Package pdftex.def Info: Chp_1/Final_Manuscript_NonAnon.pdf , page5 used on input line 67.
(pdftex.def)             Requested size: 597.78697pt x 773.60669pt.
File: Chp_1/Final_Manuscript_NonAnon.pdf Graphic file (type pdf)
<use Chp_1/Final_Manuscript_NonAnon.pdf, page 5>
Package pdftex.def Info: Chp_1/Final_Manuscript_NonAnon.pdf , page5 used on input line 67.
(pdftex.def)             Requested size: 597.78697pt x 773.60669pt.
File: Chp_1/Final_Manuscript_NonAnon.pdf Graphic file (type pdf)
<use Chp_1/Final_Manuscript_NonAnon.pdf, page 5>
Package pdftex.def Info: Chp_1/Final_Manuscript_NonAnon.pdf , page5 used on input line 67.
(pdftex.def)             Requested size: 597.78697pt x 773.60669pt.
 [6 <./Chp_1/Final_Manuscript_NonAnon.pdf>]
<Chp_1/Final_Manuscript_NonAnon.pdf, id=166, page=6, 614.295pt x 794.97pt>
File: Chp_1/Final_Manuscript_NonAnon.pdf Graphic file (type pdf)
<use Chp_1/Final_Manuscript_NonAnon.pdf, page 6>
Package pdftex.def Info: Chp_1/Final_Manuscript_NonAnon.pdf , page6 used on input line 67.
(pdftex.def)             Requested size: 597.78697pt x 773.60669pt.
File: Chp_1/Final_Manuscript_NonAnon.pdf Graphic file (type pdf)
<use Chp_1/Final_Manuscript_NonAnon.pdf, page 6>
Package pdftex.def Info: Chp_1/Final_Manuscript_NonAnon.pdf , page6 used on input line 67.
(pdftex.def)             Requested size: 597.78697pt x 773.60669pt.
File: Chp_1/Final_Manuscript_NonAnon.pdf Graphic file (type pdf)
<use Chp_1/Final_Manuscript_NonAnon.pdf, page 6>
Package pdftex.def Info: Chp_1/Final_Manuscript_NonAnon.pdf , page6 used on input line 67.
(pdftex.def)             Requested size: 597.78697pt x 773.60669pt.
 [7 <./Chp_1/Final_Manuscript_NonAnon.pdf>]
<Chp_1/Final_Manuscript_NonAnon.pdf, id=170, page=7, 614.295pt x 794.97pt>
File: Chp_1/Final_Manuscript_NonAnon.pdf Graphic file (type pdf)
<use Chp_1/Final_Manuscript_NonAnon.pdf, page 7>
Package pdftex.def Info: Chp_1/Final_Manuscript_NonAnon.pdf , page7 used on input line 67.
(pdftex.def)             Requested size: 597.78697pt x 773.60669pt.
File: Chp_1/Final_Manuscript_NonAnon.pdf Graphic file (type pdf)
<use Chp_1/Final_Manuscript_NonAnon.pdf, page 7>
Package pdftex.def Info: Chp_1/Final_Manuscript_NonAnon.pdf , page7 used on input line 67.
(pdftex.def)             Requested size: 597.78697pt x 773.60669pt.
File: Chp_1/Final_Manuscript_NonAnon.pdf Graphic file (type pdf)
<use Chp_1/Final_Manuscript_NonAnon.pdf, page 7>
Package pdftex.def Info: Chp_1/Final_Manuscript_NonAnon.pdf , page7 used on input line 67.
(pdftex.def)             Requested size: 597.78697pt x 773.60669pt.
 [8 <./Chp_1/Final_Manuscript_NonAnon.pdf>]
<Chp_1/Final_Manuscript_NonAnon.pdf, id=195, page=8, 614.295pt x 794.97pt>
File: Chp_1/Final_Manuscript_NonAnon.pdf Graphic file (type pdf)
<use Chp_1/Final_Manuscript_NonAnon.pdf, page 8>
Package pdftex.def Info: Chp_1/Final_Manuscript_NonAnon.pdf , page8 used on input line 67.
(pdftex.def)             Requested size: 597.78697pt x 773.60669pt.
File: Chp_1/Final_Manuscript_NonAnon.pdf Graphic file (type pdf)
<use Chp_1/Final_Manuscript_NonAnon.pdf, page 8>
Package pdftex.def Info: Chp_1/Final_Manuscript_NonAnon.pdf , page8 used on input line 67.
(pdftex.def)             Requested size: 597.78697pt x 773.60669pt.
File: Chp_1/Final_Manuscript_NonAnon.pdf Graphic file (type pdf)
<use Chp_1/Final_Manuscript_NonAnon.pdf, page 8>
Package pdftex.def Info: Chp_1/Final_Manuscript_NonAnon.pdf , page8 used on input line 67.
(pdftex.def)             Requested size: 597.78697pt x 773.60669pt.
 [9 <./Chp_1/Final_Manuscript_NonAnon.pdf>]
<Chp_1/Final_Manuscript_NonAnon.pdf, id=202, page=9, 614.295pt x 794.97pt>
File: Chp_1/Final_Manuscript_NonAnon.pdf Graphic file (type pdf)
<use Chp_1/Final_Manuscript_NonAnon.pdf, page 9>
Package pdftex.def Info: Chp_1/Final_Manuscript_NonAnon.pdf , page9 used on input line 67.
(pdftex.def)             Requested size: 597.78697pt x 773.60669pt.
File: Chp_1/Final_Manuscript_NonAnon.pdf Graphic file (type pdf)
<use Chp_1/Final_Manuscript_NonAnon.pdf, page 9>
Package pdftex.def Info: Chp_1/Final_Manuscript_NonAnon.pdf , page9 used on input line 67.
(pdftex.def)             Requested size: 597.78697pt x 773.60669pt.
File: Chp_1/Final_Manuscript_NonAnon.pdf Graphic file (type pdf)
<use Chp_1/Final_Manuscript_NonAnon.pdf, page 9>
Package pdftex.def Info: Chp_1/Final_Manuscript_NonAnon.pdf , page9 used on input line 67.
(pdftex.def)             Requested size: 597.78697pt x 773.60669pt.
 [10 <./Chp_1/Final_Manuscript_NonAnon.pdf>]
\openout2 = `Chp_2/Chp_2.aux'.

 (./Chp_2/Chp_2.tex
Chapter 2.
[11


]
<Figures/Methods3D_Figure.png, id=210, 540.5796pt x 170.7981pt>
File: Figures/Methods3D_Figure.png Graphic file (type png)
<use Figures/Methods3D_Figure.png>
Package pdftex.def Info: Figures/Methods3D_Figure.png  used on input line 28.
(pdftex.def)             Requested size: 433.62pt x 137.00612pt.
 [12 <./Figures/Methods3D_Figure.png>]
<Figures/Cortical Age Project.png, id=217, 546.1203pt x 246.1998pt>
File: Figures/Cortical Age Project.png Graphic file (type png)
<use Figures/Cortical Age Project.png>
Package pdftex.def Info: Figures/Cortical Age Project.png  used on input line 50.
(pdftex.def)             Requested size: 390.25534pt x 175.94135pt.
 [13] [14 <./Figures/Cortical Age Project.png>] [15]
Missing character: There is no 2 in font nullfont!
Missing character: There is no 3 in font nullfont!
Missing character: There is no 9 in font nullfont!
Missing character: There is no 9 in font nullfont!
Missing character: There is no 1 in font nullfont!
Missing character: There is no 0 in font nullfont!
Missing character: There is no 1 in font nullfont!
Missing character: There is no 5 in font nullfont!

Overfull \hbox (9.52592pt too wide) in paragraph at lines 221--222
 [] 
 []

) [16]
\openout2 = `Chp_3/Chp_3.aux'.

 (./Chp_3/Chp_3.tex
Chapter 3.
[17




]) [18]

pdfTeX warning: pdflatex (file ./GSO_Form.pdf): PDF inclusion: found PDF version <1.7>, but at most version <1.5> allowed
<GSO_Form.pdf, id=242, 597.55246pt x 845.07718pt>
File: GSO_Form.pdf Graphic file (type pdf)
<use GSO_Form.pdf>
Package pdftex.def Info: GSO_Form.pdf  used on input line 79.
(pdftex.def)             Requested size: 597.551pt x 845.07512pt.


pdfTeX warning: pdflatex (file ./GSO_Form.pdf): PDF inclusion: found PDF version <1.7>, but at most version <1.5> allowed
File: GSO_Form.pdf Graphic file (type pdf)
<use GSO_Form.pdf>
Package pdftex.def Info: GSO_Form.pdf  used on input line 79.
(pdftex.def)             Requested size: 597.551pt x 845.07512pt.


pdfTeX warning: pdflatex (file ./GSO_Form.pdf): PDF inclusion: found PDF version <1.7>, but at most version <1.5> allowed


pdfTeX warning: pdflatex (file ./GSO_Form.pdf): PDF inclusion: found PDF version <1.7>, but at most version <1.5> allowed
<GSO_Form.pdf, id=245, page=6, 597.55246pt x 845.07718pt>
File: GSO_Form.pdf Graphic file (type pdf)
<use GSO_Form.pdf, page 6>
Package pdftex.def Info: GSO_Form.pdf , page6 used on input line 79.
(pdftex.def)             Requested size: 597.551pt x 845.07512pt.
File: GSO_Form.pdf Graphic file (type pdf)
<use GSO_Form.pdf, page 6>
Package pdftex.def Info: GSO_Form.pdf , page6 used on input line 79.
(pdftex.def)             Requested size: 597.57834pt x 845.1138pt.
File: GSO_Form.pdf Graphic file (type pdf)
<use GSO_Form.pdf, page 6>
Package pdftex.def Info: GSO_Form.pdf , page6 used on input line 79.
(pdftex.def)             Requested size: 597.57834pt x 845.1138pt.
File: GSO_Form.pdf Graphic file (type pdf)
<use GSO_Form.pdf, page 6>
Package pdftex.def Info: GSO_Form.pdf , page6 used on input line 79.
(pdftex.def)             Requested size: 597.57834pt x 845.1138pt.
File: GSO_Form.pdf Graphic file (type pdf)
<use GSO_Form.pdf, page 6>
Package pdftex.def Info: GSO_Form.pdf , page6 used on input line 79.
(pdftex.def)             Requested size: 597.57834pt x 845.1138pt.
[19


 <./GSO_Form.pdf>]

pdfTeX warning: pdflatex (file ./GSO_Form.pdf): PDF inclusion: found PDF version <1.7>, but at most version <1.5> allowed
<GSO_Form.pdf, id=281, page=7, 597.55246pt x 845.07718pt>
File: GSO_Form.pdf Graphic file (type pdf)
<use GSO_Form.pdf, page 7>
Package pdftex.def Info: GSO_Form.pdf , page7 used on input line 79.
(pdftex.def)             Requested size: 597.57834pt x 845.1138pt.
File: GSO_Form.pdf Graphic file (type pdf)
<use GSO_Form.pdf, page 7>
Package pdftex.def Info: GSO_Form.pdf , page7 used on input line 79.
(pdftex.def)             Requested size: 597.57834pt x 845.1138pt.
File: GSO_Form.pdf Graphic file (type pdf)
<use GSO_Form.pdf, page 7>
Package pdftex.def Info: GSO_Form.pdf , page7 used on input line 79.
(pdftex.def)             Requested size: 597.57834pt x 845.1138pt.
[20 <./GSO_Form.pdf>] (./main.aux (./Chp_2/Chp_2.aux) (./Chp_3/Chp_3.aux)) ) 
Here is how much of TeX's memory you used:
 17991 strings out of 478276
 375212 string characters out of 5853013
 651934 words of memory out of 5000000
 35879 multiletter control sequences out of 15000+600000
 479366 words of font info for 66 fonts, out of 8000000 for 9000
 1141 hyphenation exceptions out of 8191
 99i,17n,94p,1661b,1013s stack positions out of 5000i,500n,10000p,200000b,80000s
{/usr/share/texmf-dist/fonts/enc/dvips/cm-super/cm-super-ts1.enc}</usr/share/texmf-dist/fonts/type1/public/amsfonts/cm/cmbx10.pfb></usr/share/texmf-dist/fonts/type1/public/amsfonts/cm/cmbx12.pfb></usr/share/texmf-dist/fonts/type1/public/amsfonts/cm/cmbx9.pfb></usr/share/texmf-dist/fonts/type1/public/amsfonts/cm/cmex10.pfb></usr/share/texmf-dist/fonts/type1/public/amsfonts/cm/cmmi10.pfb></usr/share/texmf-dist/fonts/type1/public/amsfonts/cm/cmmi5.pfb></usr/share/texmf-dist/fonts/type1/public/amsfonts/cm/cmmi6.pfb></usr/share/texmf-dist/fonts/type1/public/amsfonts/cm/cmmi7.pfb></usr/share/texmf-dist/fonts/type1/public/amsfonts/cm/cmmi9.pfb></usr/share/texmf-dist/fonts/type1/public/amsfonts/cm/cmmib10.pfb></usr/share/texmf-dist/fonts/type1/public/amsfonts/cm/cmr10.pfb></usr/share/texmf-dist/fonts/type1/public/amsfonts/cm/cmr12.pfb></usr/share/texmf-dist/fonts/type1/public/amsfonts/cm/cmr17.pfb></usr/share/texmf-dist/fonts/type1/public/amsfonts/cm/cmr6.pfb></usr/share/texmf-dist/fonts/type1/public/amsfonts/cm/cmr7.pfb></usr/share/texmf-dist/fonts/type1/public/amsfonts/cm/cmr8.pfb></usr/share/texmf-dist/fonts/type1/public/amsfonts/cm/cmr9.pfb></usr/share/texmf-dist/fonts/type1/public/amsfonts/cm/cmsy10.pfb></usr/share/texmf-dist/fonts/type1/public/amsfonts/cm/cmsy7.pfb></usr/share/texmf-dist/fonts/type1/public/amsfonts/cm/cmsy9.pfb></usr/share/texmf-dist/fonts/type1/public/amsfonts/cm/cmti10.pfb></usr/share/texmf-dist/fonts/type1/public/amsfonts/cm/cmti12.pfb></usr/share/texmf-dist/fonts/type1/public/amsfonts/cm/cmti9.pfb></usr/share/texmf-dist/fonts/type1/public/amsfonts/cm/cmtt9.pfb></usr/share/texmf-dist/fonts/type1/public/amsfonts/symbols/msbm10.pfb></usr/share/texmf-dist/fonts/type1/public/cm-super/sfrm0900.pfb></usr/share/texmf-dist/fonts/type1/public/cm-super/sfrm1200.pfb>
Output written on main.pdf (22 pages, 5407047 bytes).
PDF statistics:
 341 PDF objects out of 1000 (max. 8388607)
 224 compressed objects within 3 object streams
 0 named destinations out of 1000 (max. 500000)
 113 words of extra memory for PDF output out of 10000 (max. 10000000)

